Arguments: 
  /opt/homebrew/Cellar/node/19.2.0/bin/node /opt/homebrew/bin/yarn

PATH: 
  /Users/robert.nichols/.rbenv/shims:/opt/homebrew/bin:/opt/homebrew/sbin:/usr/local/bin:/usr/bin:/bin:/usr/sbin:/sbin:/usr/local/sbin

Yarn version: 
  1.22.19

Node version: 
  19.2.0

Platform: 
  darwin arm64

Trace: 
  SyntaxError: /Users/robert.nichols/web/data-software-catalogue/package.json: Expected double-quoted property name in JSON at position 657
      at JSON.parse (<anonymous>)
      at /opt/homebrew/lib/node_modules/yarn/lib/cli.js:1629:59
      at Generator.next (<anonymous>)
      at step (/opt/homebrew/lib/node_modules/yarn/lib/cli.js:310:30)
      at /opt/homebrew/lib/node_modules/yarn/lib/cli.js:321:13

npm manifest: 
  {
    "name": "data-software-catalogue",
    "version": "1.0.0",
    "description": "A catalogue of data software applications",
    "main": "index.js",
    "directories": {
      "lib": "lib"
    },
    "scripts": {
      "test": "echo \"Error: no test specified\" && exit 1"
    },
    "repository": {
      "type": "git",
      "url": "git+https://github.com/co-cddo/data-software-catalogue.git"
    },
    "keywords": [
      "data",
      "api",
      "catalogue",
      "software"
    ],
    "author": "CDDO",
    "license": "ISC",
    "bugs": {
      "url": "https://github.com/co-cddo/data-software-catalogue/issues"
    },
    "homepage": "https://github.com/co-cddo/data-software-catalogue#readme",
  }

yarn manifest: 
  No manifest

Lockfile: 
  # THIS IS AN AUTOGENERATED FILE. DO NOT EDIT THIS FILE DIRECTLY.
  # yarn lockfile v1
  
  
  "govuk-frontend@^4.4.0":
    "integrity" "sha512-3Hg4GePCdlynd7F6a3YPOEJx0lDPPP6iBv1S893tv3+efYGWLGvsSFdCG0uob8Xc1O7ckL19dSsFpFhBWUkTNA=="
    "resolved" "https://registry.npmjs.org/govuk-frontend/-/govuk-frontend-4.4.0.tgz"
    "version" "4.4.0"
